<?xml version="1.0" encoding="UTF-8"?>
<!-- Generated by org.testng.reporters.JUnitReportReporter -->
<testsuite hostname="DESKTOP-N9H8CB5" failures="0" tests="1" name="com.demoqa.test.gui.elements.textBoxTest" time="35.479" errors="0" timestamp="2024-07-31T13:57:28 ART" skipped="0">
  <testcase classname="com.demoqa.test.gui.elements.textBoxTest" name="submitForm" time="35.479"/>
  <system-out/>
</testsuite> <!-- com.demoqa.test.gui.elements.textBoxTest -->
